Fetching trailing P/E for all instruments ...
  got P/E for 244 instruments
Fetching 393 company profiles ...
[1/393] 1JANATAMF: Mutual Funds cat=A
[2/393] 1STPRIMFMF: Mutual Funds cat=A
[3/393] AAMRANET: IT Sector cat=Z
[4/393] AAMRATECH: IT Sector cat=Z
[5/393] ABB1STMF: Mutual Funds cat=A
[6/393] ABBANK: Bank cat=Z
[7/393] ACFL: Textile cat=A
[8/393] ACI: Pharmaceuticals & Chemicals cat=A
[9/393] ACIFORMULA: Pharmaceuticals & Chemicals cat=A
[10/393] ACMELAB: Pharmaceuticals & Chemicals cat=A
[11/393] ACMEPL: Pharmaceuticals & Chemicals cat=B
[12/393] ACTIVEFINE: Pharmaceuticals & Chemicals cat=Z
[13/393] ADNTEL: IT Sector cat=A
[14/393] ADVENT: Pharmaceuticals & Chemicals cat=Z
[15/393] AFCAGRO: Pharmaceuticals & Chemicals cat=Z
[16/393] AFTABAUTO: Engineering cat=Z
[17/393] AGNISYSL: IT Sector cat=B
[18/393] AGRANINS: Insurance cat=A
[19/393] AIBL1STIMF: Mutual Funds cat=A
[20/393] AIL: Textile cat=Z
[21/393] AL-HAJTEX: Textile cat=B
[22/393] ALARABANK: Bank cat=Z
[23/393] ALIF: Textile cat=Z
[24/393] ALLTEX: Textile cat=Z
[25/393] AMANFEED: Miscellaneous cat=A
[26/393] AMBEEPHA: Pharmaceuticals & Chemicals cat=A
[27/393] AMCL(PRAN): Food & Allied cat=A
[28/393] ANLIMAYARN: Textile cat=Z
[29/393] ANWARGALV: Engineering cat=A
[30/393] AOL: Fuel & Power cat=Z
[31/393] APEXFOODS: Food & Allied cat=A
[32/393] APEXFOOT: Tannery Industries cat=A
[33/393] APEXSPINN: Textile cat=A
[34/393] APEXTANRY: Tannery Industries cat=B
[35/393] APOLOISPAT: Engineering cat=Z
[36/393] ARAMIT: Miscellaneous cat=A
[37/393] ARAMITCEM: Cement cat=Z
[38/393] ARGONDENIM: Textile cat=A
[39/393] ASIAINS: Insurance cat=A
[40/393] ASIAPACINS: Insurance cat=A
[41/393] ASIATICLAB: Pharmaceuticals & Chemicals cat=A
[42/393] ATLASBANG: Engineering cat=Z
[43/393] AZIZPIPES: Engineering cat=-
[44/393] BANGAS: Food & Allied cat=B
[45/393] BANKASIA: Bank cat=A
[46/393] BARKAPOWER: Fuel & Power cat=Z
[47/393] BATASHOE: Tannery Industries cat=A
[48/393] BATBC: Food & Allied cat=A
[49/393] BAYLEASING: Financial Institutions cat=Z
[50/393] BBS: Engineering cat=B
[51/393] BBSCABLES: Engineering cat=B
[52/393] BDAUTOCA: Engineering cat=B
[53/393] BDCOM: IT Sector cat=A
[54/393] BDFINANCE: Financial Institutions cat=Z
[55/393] BDLAMPS: Engineering cat=A
[56/393] BDTHAI: Engineering cat=B
[57/393] BDTHAIFOOD: Food & Allied cat=B
[58/393] BDWELDING: Fuel & Power cat=Z
[59/393] BEACHHATCH: Food & Allied cat=Z
[60/393] BEACONPHAR: Pharmaceuticals & Chemicals cat=A
[61/393] BENGALWTL: Engineering cat=B
[62/393] BERGERPBL: Miscellaneous cat=A
[63/393] BESTHLDNG: Travel & Leisure cat=Z
[64/393] BEXGSUKUK: Corporate Bond cat=A
[65/393] BEXIMCO: Miscellaneous cat=B
[66/393] BGIC: Insurance cat=A
[67/393] BIFC: Financial Institutions cat=Z
[68/393] BNICL: Insurance cat=A
[69/393] BPML: Paper & Printing cat=Z
[70/393] BPPL: Fuel & Power cat=B
[71/393] BRACBANK: Bank cat=A
[72/393] BSC: Miscellaneous cat=A
[73/393] BSCPLC: Telecommunication cat=A
[74/393] BSRMLTD: Engineering cat=A
[75/393] BSRMSTEEL: Engineering cat=A
[76/393] BXPHARMA: Pharmaceuticals & Chemicals cat=A
[77/393] CAPITECGBF: Mutual Funds cat=A
[78/393] CAPMBDBLMF: Mutual Funds cat=A
[79/393] CAPMIBBLMF: Mutual Funds cat=A
[80/393] CENTRALINS: Insurance cat=A
[81/393] CENTRALPHL: Pharmaceuticals & Chemicals cat=Z
[82/393] CITYBANK: Bank cat=A
[83/393] CITYGENINS: Insurance cat=A
[84/393] CLICL: Insurance cat=B
[85/393] CNATEX: Textile cat=Z
[86/393] CONFIDCEM: Cement cat=A
[87/393] CONTININS: Insurance cat=B
[88/393] COPPERTECH: Engineering cat=B
[89/393] CROWNCEMNT: Cement cat=A
[90/393] CRYSTALINS: Insurance cat=A
[91/393] CVOPRL: Fuel & Power cat=A
[92/393] DACCADYE: Textile cat=Z
[93/393] DAFODILCOM: IT Sector cat=B
[94/393] DBH: Financial Institutions cat=A
[95/393] DBH1STMF: Mutual Funds cat=A
[96/393] DELTALIFE: Insurance cat=A
[97/393] DELTASPINN: Textile cat=Z
[98/393] DESCO: Fuel & Power cat=Z
[99/393] DESHBANDHU: Engineering cat=B
[100/393] DGIC: Insurance cat=B
[101/393] DHAKABANK: Bank cat=A
[102/393] DHAKAINS: Insurance cat=A
[103/393] DOMINAGE: Engineering cat=B
[104/393] DOREENPWR: Fuel & Power cat=A
[105/393] DSHGARME: Textile cat=B
[106/393] DSSL: Textile cat=B
[107/393] DULAMIACOT: Textile cat=Z
[108/393] DUTCHBANGL: Bank cat=A
[109/393] EASTERNINS: Insurance cat=A
[110/393] EASTLAND: Insurance cat=A
[111/393] EASTRNLUB: Fuel & Power cat=A
[112/393] EBL: Bank cat=A
[113/393] EBL1STMF: Mutual Funds cat=A
[114/393] EBLNRBMF: Mutual Funds cat=A
[115/393] ECABLES: Engineering cat=B
[116/393] EGEN: IT Sector cat=B
[117/393] EHL: Services & Real Estate cat=A
[118/393] EIL: Insurance cat=B
[119/393] EMERALDOIL: Food & Allied cat=Z
[120/393] ENVOYTEX: Textile cat=A
[121/393] EPGL: Fuel & Power cat=B
[122/393] ESQUIRENIT: Textile cat=A
[123/393] ETL: Textile cat=B
[124/393] EXIM1STMF: Mutual Funds cat=A
[125/393] FAMILYTEX: Textile cat=Z
[126/393] FARCHEM: Pharmaceuticals & Chemicals cat=B
[127/393] FAREASTFIN: Financial Institutions cat=Z
[128/393] FAREASTLIF: Insurance cat=Z
[129/393] FASFIN: Financial Institutions cat=Z
[130/393] FBFIF: Mutual Funds cat=A
[131/393] FEDERALINS: Insurance cat=A
[132/393] FEKDIL: Textile cat=A
[133/393] FINEFOODS: Food & Allied cat=A
[134/393] FIRSTFIN: Financial Institutions cat=Z
[135/393] FORTUNE: Tannery Industries cat=Z
[136/393] FUWANGCER: Ceramics Sector cat=B
[137/393] FUWANGFOOD: Food & Allied cat=Z
[138/393] GBBPOWER: Fuel & Power cat=Z
[139/393] GEMINISEA: Food & Allied cat=Z
[140/393] GENEXIL: IT Sector cat=B
[141/393] GENNEXT: Textile cat=Z
[142/393] GHAIL: Food & Allied cat=B
[143/393] GHCL: Pharmaceuticals & Chemicals cat=Z
[144/393] GLDNJMF: Mutual Funds cat=A
[145/393] GLOBALINS: Insurance cat=A
[146/393] GOLDENSON: Engineering cat=B
[147/393] GP: Telecommunication cat=A
[148/393] GPHISPAT: Engineering cat=B
[149/393] GQBALLPEN: Miscellaneous cat=A
[150/393] GRAMEENS2: Mutual Funds cat=A
[151/393] GREENDELMF: Mutual Funds cat=A
[152/393] GREENDELT: Insurance cat=A
[153/393] GSPFINANCE: Financial Institutions cat=Z
[154/393] HAKKANIPUL: Paper & Printing cat=B
[155/393] HAMI: Miscellaneous cat=Z
[156/393] HEIDELBCEM: Cement cat=A
[157/393] HFL: Textile cat=Z
[158/393] HRTEX: Textile cat=Z
[159/393] HWAWELLTEX: Textile cat=A
[160/393] IBBLPBOND: Corporate Bond cat=A
[161/393] IBNSINA: Pharmaceuticals & Chemicals cat=A
[162/393] IBP: Pharmaceuticals & Chemicals cat=B
[163/393] ICB: Financial Institutions cat=B
[164/393] ICB3RDNRB: Mutual Funds cat=A
[165/393] ICBAGRANI1: Mutual Funds cat=A
[166/393] ICBAMCL2ND: Mutual Funds cat=A
[167/393] ICBEPMF1S1: Mutual Funds cat=A
[168/393] ICBIBANK: Bank cat=Z
[169/393] ICBSONALI1: Mutual Funds cat=A
[170/393] ICICL: Insurance cat=A
[171/393] IDLC: Financial Institutions cat=A
[172/393] IFADAUTOS: Engineering cat=B
[173/393] IFIC: Bank cat=Z
[174/393] IFIC1STMF: Mutual Funds cat=A
[175/393] IFILISLMF1: Mutual Funds cat=A
[176/393] ILFSL: Financial Institutions cat=Z
[177/393] INDEXAGRO: Miscellaneous cat=A
[178/393] INTECH: IT Sector cat=Z
[179/393] INTRACO: Fuel & Power cat=Z
[180/393] IPDC: Financial Institutions cat=A
[181/393] ISLAMIBANK: Bank cat=Z
[182/393] ISLAMICFIN: Financial Institutions cat=Z
[183/393] ISLAMIINS: Insurance cat=A
[184/393] ISNLTD: IT Sector cat=B
[185/393] ITC: IT Sector cat=A
[186/393] JAMUNABANK: Bank cat=A
[187/393] JAMUNAOIL: Fuel & Power cat=A
[188/393] JANATAINS: Insurance cat=A
[189/393] JHRML: Pharmaceuticals & Chemicals cat=B
[190/393] JMISMDL: Pharmaceuticals & Chemicals cat=A
[191/393] JUTESPINN: Jute cat=Z
[192/393] KARNAPHULI: Insurance cat=A
[193/393] KAY&QUE: Engineering cat=B
[194/393] KBPPWBIL: Miscellaneous cat=A
[195/393] KDSALTD: Engineering cat=A
[196/393] KEYACOSMET: Pharmaceuticals & Chemicals cat=Z
[197/393] KOHINOOR: Pharmaceuticals & Chemicals cat=A
[198/393] KPCL: Fuel & Power cat=Z
[199/393] KPPL: Paper & Printing cat=Z
[200/393] KTL: Textile cat=Z
[201/393] LANKABAFIN: Financial Institutions cat=A
[202/393] LEGACYFOOT: Tannery Industries cat=B
[203/393] LHB: Cement cat=A
[204/393] LIBRAINFU: Pharmaceuticals & Chemicals cat=Z
[205/393] LINDEBD: Fuel & Power cat=A
[206/393] LOVELLO: Food & Allied cat=A
[207/393] LRBDL: Fuel & Power cat=Z
[208/393] LRGLOBMF1: Mutual Funds cat=A
[209/393] MAGURAPLEX: Paper & Printing cat=A
[210/393] MAKSONSPIN: Textile cat=Z
[211/393] MALEKSPIN: Textile cat=A
[212/393] MARICO: Pharmaceuticals & Chemicals cat=A
[213/393] MATINSPINN: Textile cat=A
[214/393] MBL1STMF: Mutual Funds cat=A
[215/393] MEGCONMILK: Food & Allied cat=Z
[216/393] MEGHNACEM: Cement cat=Z
[217/393] MEGHNAINS: Insurance cat=A
[218/393] MEGHNALIFE: Insurance cat=A
[219/393] MEGHNAPET: Food & Allied cat=Z
[220/393] MERCANBANK: Bank cat=Z
[221/393] MERCINS: Insurance cat=A
[222/393] METROSPIN: Textile cat=Z
[223/393] MHSML: Textile cat=B
[224/393] MIDASFIN: Financial Institutions cat=Z
[225/393] MIDLANDBNK: Bank cat=B
[226/393] MIRACLEIND: Miscellaneous cat=Z
[227/393] MIRAKHTER: Engineering cat=A
[228/393] MITHUNKNIT: Textile cat=Z
[229/393] MJLBD: Fuel & Power cat=A
[230/393] MLDYEING: Textile cat=B
[231/393] MONNOAGML: Engineering cat=B
[232/393] MONNOCERA: Ceramics Sector cat=B
[233/393] MONNOFABR: Textile cat=B
[234/393] MONOSPOOL: Paper & Printing cat=A
[235/393] MPETROLEUM: Fuel & Power cat=A
[236/393] MTB: Bank cat=A
[237/393] NAHEEACP: Engineering cat=B
[238/393] NATLIFEINS: Insurance cat=A
[239/393] NAVANACNG: Engineering cat=Z
[240/393] NAVANAPHAR: Pharmaceuticals & Chemicals cat=A
[241/393] NBL: Bank cat=Z
[242/393] NCCBANK: Bank cat=A
[243/393] NCCBLMF1: Mutual Funds cat=A
[244/393] NEWLINE: Textile cat=Z
[245/393] NFML: Miscellaneous cat=B
[246/393] NHFIL: Financial Institutions cat=A
[247/393] NITOLINS: Insurance cat=A
[248/393] NORTHERN: Jute cat=Z
[249/393] NORTHRNINS: Insurance cat=A
[250/393] NPOLYMER: Engineering cat=B
[251/393] NRBBANK: Bank cat=Z
[252/393] NRBCBANK: Bank cat=Z
[253/393] NTC: Food & Allied cat=Z
[254/393] NTLTUBES: Engineering cat=B
[255/393] NURANI: Textile cat=Z
[256/393] OAL: Engineering cat=Z
[257/393] OIMEX: Engineering cat=Z
[258/393] OLYMPIC: Food & Allied cat=A
[259/393] ONEBANKPLC: Bank cat=Z
[260/393] ORIONINFU: Pharmaceuticals & Chemicals cat=A
[261/393] ORIONPHARM: Pharmaceuticals & Chemicals cat=Z
[262/393] PADMALIFE: Insurance cat=Z
[263/393] PADMAOIL: Fuel & Power cat=A
[264/393] PARAMOUNT: Insurance cat=A
[265/393] PDL: Textile cat=Z
[266/393] PENINSULA: Travel & Leisure cat=B
[267/393] PEOPLESINS: Insurance cat=A
[268/393] PF1STMF: Mutual Funds cat=A
[269/393] PHARMAID: Pharmaceuticals & Chemicals cat=A
[270/393] PHENIXINS: Insurance cat=A
[271/393] PHOENIXFIN: Financial Institutions cat=Z
[272/393] PHPMF1: Mutual Funds cat=A
[273/393] PIONEERINS: Insurance cat=A
[274/393] PLFSL: Financial Institutions cat=Z
[275/393] POPULAR1MF: Mutual Funds cat=A
[276/393] POPULARLIF: Insurance cat=A
[277/393] POWERGRID: Fuel & Power cat=Z
[278/393] PRAGATIINS: Insurance cat=A
[279/393] PREMIERBAN: Bank cat=Z
[280/393] PREMIERCEM: Cement cat=A
[281/393] PREMIERLEA: Financial Institutions cat=Z
[282/393] PRIME1ICBA: Mutual Funds cat=A
[283/393] PRIMEBANK: Bank cat=A
[284/393] PRIMEFIN: Financial Institutions cat=Z
[285/393] PRIMEINSUR: Insurance cat=A
[286/393] PRIMELIFE: Insurance cat=B
[287/393] PRIMETEX: Textile cat=Z
[288/393] PROGRESLIF: Insurance cat=Z
[289/393] PROVATIINS: Insurance cat=A
[290/393] PTL: Textile cat=A
[291/393] PUBALIBANK: Bank cat=A
[292/393] PURABIGEN: Insurance cat=A
[293/393] QUASEMIND: Engineering cat=A
[294/393] QUEENSOUTH: Textile cat=B
[295/393] RAHIMAFOOD: Food & Allied cat=Z
[296/393] RAHIMTEXT: Textile cat=A
[297/393] RAKCERAMIC: Ceramics Sector cat=A
[298/393] RANFOUNDRY: Engineering cat=A
[299/393] RDFOOD: Food & Allied cat=B
[300/393] RECKITTBEN: Pharmaceuticals & Chemicals cat=A
[301/393] REGENTTEX: Textile cat=Z
[302/393] RELIANCE1: Mutual Funds cat=A
[303/393] RELIANCINS: Insurance cat=A
[304/393] RENATA: Pharmaceuticals & Chemicals cat=A
[305/393] RENWICKJA: Engineering cat=Z
[306/393] REPUBLIC: Insurance cat=A
[307/393] RINGSHINE: Textile cat=Z
[308/393] ROBI: Telecommunication cat=A
[309/393] RSRMSTEEL: Engineering cat=Z
[310/393] RUNNERAUTO: Engineering cat=A
[311/393] RUPALIBANK: Bank cat=Z
[312/393] RUPALIINS: Insurance cat=A
[313/393] RUPALILIFE: Insurance cat=A
[314/393] SAFKOSPINN: Textile cat=Z
[315/393] SAIFPOWER: Services & Real Estate cat=Z
[316/393] SAIHAMCOT: Textile cat=B
[317/393] SAIHAMTEX: Textile cat=B
[318/393] SALAMCRST: Engineering cat=Z
[319/393] SALVO: Pharmaceuticals & Chemicals cat=B
[320/393] SAMATALETH: Tannery Industries cat=B
[321/393] SAMORITA: Services & Real Estate cat=B
[322/393] SANDHANINS: Insurance cat=A
[323/393] SAPORTL: Services & Real Estate cat=A
[324/393] SBACBANK: Bank cat=Z
[325/393] SEAPEARL: Travel & Leisure cat=B
[326/393] SEMLFBSLGF: Mutual Funds cat=A
[327/393] SEMLIBBLSF: Mutual Funds cat=A
[328/393] SHAHJABANK: Bank cat=A
[329/393] SHARPIND: Textile cat=B
[330/393] SHASHADNIM: Textile cat=B
[331/393] SHEPHERD: Textile cat=B
[332/393] SHURWID: Engineering cat=Z
[333/393] SHYAMPSUG: Food & Allied cat=Z
[334/393] SICL: Insurance cat=B
[335/393] SILCOPHL: Pharmaceuticals & Chemicals cat=B
[336/393] SILVAPHL: Pharmaceuticals & Chemicals cat=B
[337/393] SIMTEX: Textile cat=A
[338/393] SINGERBD: Engineering cat=Z
[339/393] SINOBANGLA: Miscellaneous cat=A
[340/393] SIPLC: Insurance cat=A
[341/393] SKTRIMS: Miscellaneous cat=Z
[342/393] SONALIANSH: Jute cat=A
[343/393] SONALILIFE: Insurance cat=A
[344/393] SONALIPAPR: Paper & Printing cat=A
[345/393] SONARBAINS: Insurance cat=A
[346/393] SONARGAON: Textile cat=B
[347/393] SOUTHEASTB: Bank cat=A
[348/393] SPCERAMICS: Ceramics Sector cat=B
[349/393] SPCL: Fuel & Power cat=A
[350/393] SQUARETEXT: Textile cat=A
[351/393] SQURPHARMA: Pharmaceuticals & Chemicals cat=A
[352/393] SSSTEEL: Engineering cat=Z
[353/393] STANCERAM: Ceramics Sector cat=Z
[354/393] STANDARINS: Insurance cat=A
[355/393] STANDBANKL: Bank cat=Z
[356/393] STYLECRAFT: Textile cat=Z
[357/393] SUMITPOWER: Fuel & Power cat=A
[358/393] SUNLIFEINS: Insurance cat=B
[359/393] TAKAFULINS: Insurance cat=A
[360/393] TALLUSPIN: Textile cat=Z
[361/393] TAMIJTEX: Textile cat=A
[362/393] TB2Y1126: G-SEC (T.Bond) cat=None
[363/393] TB5Y0630: G-SEC (T.Bond) cat=None
[364/393] TB5Y0928: G-SEC (T.Bond) cat=None
[365/393] TB5Y1029: G-SEC (T.Bond) cat=None
[366/393] TB5Y1229: G-SEC (T.Bond) cat=None
[367/393] TECHNODRUG: Pharmaceuticals & Chemicals cat=A
[368/393] TILIL: Insurance cat=B
[369/393] TITASGAS: Fuel & Power cat=B
[370/393] TOSRIFA: Textile cat=B
[371/393] TRUSTB1MF: Mutual Funds cat=A
[372/393] TRUSTBANK: Bank cat=A
[373/393] TUNGHAI: Textile cat=Z
[374/393] UCB: Bank cat=Z
[375/393] UNILEVERCL: Food & Allied cat=A
[376/393] UNIONCAP: Financial Institutions cat=Z
[377/393] UNIONINS: Insurance cat=A
[378/393] UNIQUEHRL: Travel & Leisure cat=A
[379/393] UNITEDFIN: Financial Institutions cat=A
[380/393] UNITEDINS: Insurance cat=A
[381/393] UPGDCL: Fuel & Power cat=A
[382/393] USMANIAGL: Miscellaneous cat=Z
[383/393] UTTARABANK: Bank cat=A
[384/393] UTTARAFIN: Financial Institutions cat=Z
[385/393] VAMLRBBF: Mutual Funds cat=A
[386/393] VFSTDL: Textile cat=B
[387/393] WALTONHIL: Engineering cat=A
[388/393] WATACHEM: Pharmaceuticals & Chemicals cat=A
[389/393] WMSHIPYARD: Engineering cat=Z
[390/393] YPL: Engineering cat=Z
[391/393] ZAHEENSPIN: Textile cat=Z
[392/393] ZAHINTEX: Textile cat=Z
[393/393] ZEALBANGLA: Food & Allied cat=Z

Done. 393 profiles saved to /Users/qaium/p/w/StockMarket/data/profiles.json
