Fetching trailing P/E for all instruments ...
  got P/E for 244 instruments
Fetching 389 company profiles ...
[1/389] 1JANATAMF: Mutual Funds cat=A
[2/389] 1STPRIMFMF: Mutual Funds cat=A
[3/389] AAMRANET: IT Sector cat=Z
[4/389] AAMRATECH: IT Sector cat=Z
[5/389] ABB1STMF: Mutual Funds cat=A
[6/389] ABBANK: Bank cat=Z
[7/389] ACFL: Textile cat=A
[8/389] ACI: Pharmaceuticals & Chemicals cat=A
[9/389] ACIFORMULA: Pharmaceuticals & Chemicals cat=A
[10/389] ACMELAB: Pharmaceuticals & Chemicals cat=A
[11/389] ACMEPL: Pharmaceuticals & Chemicals cat=B
[12/389] ACTIVEFINE: Pharmaceuticals & Chemicals cat=Z
[13/389] ADNTEL: IT Sector cat=A
[14/389] ADVENT: Pharmaceuticals & Chemicals cat=Z
[15/389] AFCAGRO: Pharmaceuticals & Chemicals cat=Z
[16/389] AFTABAUTO: Engineering cat=Z
[17/389] AGNISYSL: IT Sector cat=B
[18/389] AGRANINS: Insurance cat=A
[19/389] AIBL1STIMF: Mutual Funds cat=A
[20/389] AIL: Textile cat=Z
[21/389] AL-HAJTEX: Textile cat=B
[22/389] ALARABANK: Bank cat=Z
[23/389] ALIF: Textile cat=Z
[24/389] ALLTEX: Textile cat=Z
[25/389] AMANFEED: Miscellaneous cat=A
[26/389] AMBEEPHA: Pharmaceuticals & Chemicals cat=A
[27/389] AMCL(PRAN): Food & Allied cat=-
[28/389] ANLIMAYARN: Textile cat=Z
[29/389] ANWARGALV: Engineering cat=A
[30/389] AOL: Fuel & Power cat=Z
[31/389] APEXFOODS: Food & Allied cat=A
[32/389] APEXFOOT: Tannery Industries cat=A
[33/389] APEXSPINN: Textile cat=A
[34/389] APEXTANRY: Tannery Industries cat=B
[35/389] APOLOISPAT: Engineering cat=Z
[36/389] ARAMIT: Miscellaneous cat=A
[37/389] ARAMITCEM: Cement cat=Z
[38/389] ARGONDENIM: Textile cat=A
[39/389] ASIAINS: Insurance cat=A
[40/389] ASIAPACINS: Insurance cat=A
[41/389] ASIATICLAB: Pharmaceuticals & Chemicals cat=A
[42/389] ATLASBANG: Engineering cat=Z
[43/389] AZIZPIPES: Engineering cat=Z
[44/389] BANGAS: Food & Allied cat=B
[45/389] BANKASIA: Bank cat=A
[46/389] BARKAPOWER: Fuel & Power cat=Z
[47/389] BATASHOE: Tannery Industries cat=A
[48/389] BATBC: Food & Allied cat=A
[49/389] BAYLEASING: Financial Institutions cat=Z
[50/389] BBS: Engineering cat=B
[51/389] BBSCABLES: Engineering cat=B
[52/389] BDAUTOCA: Engineering cat=B
[53/389] BDCOM: IT Sector cat=A
[54/389] BDFINANCE: Financial Institutions cat=Z
[55/389] BDLAMPS: Engineering cat=A
[56/389] BDTHAI: Engineering cat=B
[57/389] BDTHAIFOOD: Food & Allied cat=B
[58/389] BDWELDING: Fuel & Power cat=Z
[59/389] BEACHHATCH: Food & Allied cat=Z
[60/389] BEACONPHAR: Pharmaceuticals & Chemicals cat=A
[61/389] BENGALWTL: Engineering cat=B
[62/389] BERGERPBL: Miscellaneous cat=A
[63/389] BESTHLDNG: Travel & Leisure cat=Z
[64/389] BEXGSUKUK: Corporate Bond cat=A
[65/389] BEXIMCO: Miscellaneous cat=B
[66/389] BGIC: Insurance cat=A
[67/389] BIFC: Financial Institutions cat=Z
[68/389] BNICL: Insurance cat=A
[69/389] BPML: Paper & Printing cat=Z
[70/389] BPPL: Fuel & Power cat=B
[71/389] BRACBANK: Bank cat=A
[72/389] BSC: Miscellaneous cat=A
[73/389] BSCPLC: Telecommunication cat=A
[74/389] BSRMLTD: Engineering cat=A
[75/389] BSRMSTEEL: Engineering cat=A
[76/389] BXPHARMA: Pharmaceuticals & Chemicals cat=A
[77/389] CAPITECGBF: Mutual Funds cat=A
[78/389] CAPMBDBLMF: Mutual Funds cat=A
[79/389] CAPMIBBLMF: Mutual Funds cat=A
[80/389] CENTRALINS: Insurance cat=A
[81/389] CENTRALPHL: Pharmaceuticals & Chemicals cat=Z
[82/389] CITYBANK: Bank cat=A
[83/389] CITYGENINS: Insurance cat=A
[84/389] CLICL: Insurance cat=B
[85/389] CNATEX: Textile cat=Z
[86/389] CONFIDCEM: Cement cat=A
[87/389] CONTININS: Insurance cat=B
[88/389] COPPERTECH: Engineering cat=B
[89/389] CROWNCEMNT: Cement cat=A
[90/389] CRYSTALINS: Insurance cat=A
[91/389] CVOPRL: Fuel & Power cat=A
[92/389] DACCADYE: Textile cat=Z
[93/389] DAFODILCOM: IT Sector cat=B
[94/389] DBH: Financial Institutions cat=A
[95/389] DBH1STMF: Mutual Funds cat=A
[96/389] DELTALIFE: Insurance cat=A
[97/389] DELTASPINN: Textile cat=Z
[98/389] DESCO: Fuel & Power cat=Z
[99/389] DESHBANDHU: Engineering cat=B
[100/389] DGIC: Insurance cat=B
[101/389] DHAKABANK: Bank cat=A
[102/389] DHAKAINS: Insurance cat=A
[103/389] DOMINAGE: Engineering cat=B
[104/389] DOREENPWR: Fuel & Power cat=A
[105/389] DSHGARME: Textile cat=B
[106/389] DSSL: Textile cat=B
[107/389] DULAMIACOT: Textile cat=Z
[108/389] DUTCHBANGL: Bank cat=A
[109/389] EASTERNINS: Insurance cat=A
[110/389] EASTLAND: Insurance cat=A
[111/389] EASTRNLUB: Fuel & Power cat=A
[112/389] EBL: Bank cat=A
[113/389] EBL1STMF: Mutual Funds cat=A
[114/389] EBLNRBMF: Mutual Funds cat=A
[115/389] ECABLES: Engineering cat=B
[116/389] EGEN: IT Sector cat=B
[117/389] EHL: Services & Real Estate cat=A
[118/389] EIL: Insurance cat=B
[119/389] EMERALDOIL: Food & Allied cat=Z
[120/389] ENVOYTEX: Textile cat=A
[121/389] EPGL: Fuel & Power cat=B
[122/389] ESQUIRENIT: Textile cat=A
[123/389] ETL: Textile cat=B
[124/389] EXIM1STMF: Mutual Funds cat=A
[125/389] FAMILYTEX: Textile cat=Z
[126/389] FARCHEM: Pharmaceuticals & Chemicals cat=B
[127/389] FAREASTFIN: Financial Institutions cat=Z
[128/389] FAREASTLIF: Insurance cat=Z
[129/389] FASFIN: Financial Institutions cat=Z
[130/389] FBFIF: Mutual Funds cat=A
[131/389] FEDERALINS: Insurance cat=A
[132/389] FEKDIL: Textile cat=A
[133/389] FINEFOODS: Food & Allied cat=A
[134/389] FIRSTFIN: Financial Institutions cat=Z
[135/389] FORTUNE: Tannery Industries cat=Z
[136/389] FUWANGCER: Ceramics Sector cat=B
[137/389] FUWANGFOOD: Food & Allied cat=Z
[138/389] GBBPOWER: Fuel & Power cat=Z
[139/389] GEMINISEA: Food & Allied cat=Z
[140/389] GENEXIL: IT Sector cat=B
[141/389] GENNEXT: Textile cat=Z
[142/389] GHAIL: Food & Allied cat=B
[143/389] GHCL: Pharmaceuticals & Chemicals cat=Z
[144/389] GLDNJMF: Mutual Funds cat=A
[145/389] GLOBALINS: Insurance cat=A
[146/389] GOLDENSON: Engineering cat=B
[147/389] GP: Telecommunication cat=A
[148/389] GPHISPAT: Engineering cat=B
[149/389] GQBALLPEN: Miscellaneous cat=A
[150/389] GRAMEENS2: Mutual Funds cat=A
[151/389] GREENDELMF: Mutual Funds cat=A
[152/389] GREENDELT: Insurance cat=A
[153/389] GSPFINANCE: Financial Institutions cat=Z
[154/389] HAKKANIPUL: Paper & Printing cat=B
[155/389] HAMI: Miscellaneous cat=Z
[156/389] HEIDELBCEM: Cement cat=A
[157/389] HFL: Textile cat=Z
[158/389] HRTEX: Textile cat=Z
[159/389] HWAWELLTEX: Textile cat=A
[160/389] IBBLPBOND: Corporate Bond cat=A
[161/389] IBNSINA: Pharmaceuticals & Chemicals cat=A
[162/389] IBP: Pharmaceuticals & Chemicals cat=B
[163/389] ICB: Financial Institutions cat=B
[164/389] ICB3RDNRB: Mutual Funds cat=A
[165/389] ICBAGRANI1: Mutual Funds cat=A
[166/389] ICBAMCL2ND: Mutual Funds cat=A
[167/389] ICBEPMF1S1: Mutual Funds cat=A
[168/389] ICBIBANK: Bank cat=Z
[169/389] ICBSONALI1: Mutual Funds cat=A
[170/389] ICICL: Insurance cat=A
[171/389] IDLC: Financial Institutions cat=A
[172/389] IFADAUTOS: Engineering cat=B
[173/389] IFIC: Bank cat=Z
[174/389] IFIC1STMF: Mutual Funds cat=A
[175/389] IFILISLMF1: Mutual Funds cat=A
[176/389] ILFSL: Financial Institutions cat=Z
[177/389] INDEXAGRO: Miscellaneous cat=A
[178/389] INTECH: IT Sector cat=Z
[179/389] INTRACO: Fuel & Power cat=Z
[180/389] IPDC: Financial Institutions cat=A
[181/389] ISLAMIBANK: Bank cat=Z
[182/389] ISLAMICFIN: Financial Institutions cat=Z
[183/389] ISLAMIINS: Insurance cat=A
[184/389] ISNLTD: IT Sector cat=B
[185/389] ITC: IT Sector cat=A
[186/389] JAMUNABANK: Bank cat=A
[187/389] JAMUNAOIL: Fuel & Power cat=A
[188/389] JANATAINS: Insurance cat=A
[189/389] JHRML: Pharmaceuticals & Chemicals cat=B
[190/389] JMISMDL: Pharmaceuticals & Chemicals cat=A
[191/389] JUTESPINN: Jute cat=Z
[192/389] KARNAPHULI: Insurance cat=A
[193/389] KAY&QUE: Engineering cat=B
[194/389] KBPPWBIL: Miscellaneous cat=A
[195/389] KDSALTD: Engineering cat=A
[196/389] KEYACOSMET: Pharmaceuticals & Chemicals cat=Z
[197/389] KOHINOOR: Pharmaceuticals & Chemicals cat=A
[198/389] KPCL: Fuel & Power cat=Z
[199/389] KPPL: Paper & Printing cat=Z
[200/389] KTL: Textile cat=Z
[201/389] LANKABAFIN: Financial Institutions cat=A
[202/389] LEGACYFOOT: Tannery Industries cat=B
[203/389] LHB: Cement cat=A
[204/389] LIBRAINFU: Pharmaceuticals & Chemicals cat=Z
[205/389] LINDEBD: Fuel & Power cat=A
[206/389] LOVELLO: Food & Allied cat=A
[207/389] LRBDL: Fuel & Power cat=Z
[208/389] LRGLOBMF1: Mutual Funds cat=A
[209/389] MAGURAPLEX: Paper & Printing cat=A
[210/389] MAKSONSPIN: Textile cat=Z
[211/389] MALEKSPIN: Textile cat=A
[212/389] MARICO: Pharmaceuticals & Chemicals cat=A
[213/389] MATINSPINN: Textile cat=A
[214/389] MBL1STMF: Mutual Funds cat=A
[215/389] MEGCONMILK: Food & Allied cat=Z
[216/389] MEGHNACEM: Cement cat=Z
[217/389] MEGHNAINS: Insurance cat=A
[218/389] MEGHNALIFE: Insurance cat=A
[219/389] MEGHNAPET: Food & Allied cat=Z
[220/389] MERCANBANK: Bank cat=Z
[221/389] MERCINS: Insurance cat=A
[222/389] METROSPIN: Textile cat=Z
[223/389] MHSML: Textile cat=B
[224/389] MIDASFIN: Financial Institutions cat=Z
[225/389] MIDLANDBNK: Bank cat=B
[226/389] MIRACLEIND: Miscellaneous cat=Z
[227/389] MIRAKHTER: Engineering cat=A
[228/389] MITHUNKNIT: Textile cat=Z
[229/389] MJLBD: Fuel & Power cat=A
[230/389] MLDYEING: Textile cat=B
[231/389] MONNOAGML: Engineering cat=B
[232/389] MONNOCERA: Ceramics Sector cat=B
[233/389] MONNOFABR: Textile cat=B
[234/389] MONOSPOOL: Paper & Printing cat=A
[235/389] MPETROLEUM: Fuel & Power cat=A
[236/389] MTB: Bank cat=A
[237/389] NAHEEACP: Engineering cat=B
[238/389] NATLIFEINS: Insurance cat=A
[239/389] NAVANACNG: Engineering cat=Z
[240/389] NAVANAPHAR: Pharmaceuticals & Chemicals cat=A
[241/389] NBL: Bank cat=Z
[242/389] NCCBANK: Bank cat=A
[243/389] NCCBLMF1: Mutual Funds cat=A
[244/389] NEWLINE: Textile cat=Z
[245/389] NFML: Miscellaneous cat=B
[246/389] NHFIL: Financial Institutions cat=A
[247/389] NITOLINS: Insurance cat=A
[248/389] NORTHERN: Jute cat=Z
[249/389] NORTHRNINS: Insurance cat=A
[250/389] NPOLYMER: Engineering cat=B
[251/389] NRBBANK: Bank cat=Z
[252/389] NRBCBANK: Bank cat=Z
[253/389] NTC: Food & Allied cat=Z
[254/389] NTLTUBES: Engineering cat=B
[255/389] NURANI: Textile cat=Z
[256/389] OAL: Engineering cat=Z
[257/389] OIMEX: Engineering cat=Z
[258/389] OLYMPIC: Food & Allied cat=A
[259/389] ONEBANKPLC: Bank cat=Z
[260/389] ORIONINFU: Pharmaceuticals & Chemicals cat=A
[261/389] ORIONPHARM: Pharmaceuticals & Chemicals cat=Z
[262/389] PADMALIFE: Insurance cat=Z
[263/389] PADMAOIL: Fuel & Power cat=A
[264/389] PARAMOUNT: Insurance cat=A
[265/389] PDL: Textile cat=Z
[266/389] PENINSULA: Travel & Leisure cat=B
[267/389] PEOPLESINS: Insurance cat=A
[268/389] PF1STMF: Mutual Funds cat=A
[269/389] PHARMAID: Pharmaceuticals & Chemicals cat=A
[270/389] PHENIXINS: Insurance cat=A
[271/389] PHOENIXFIN: Financial Institutions cat=Z
[272/389] PHPMF1: Mutual Funds cat=A
[273/389] PIONEERINS: Insurance cat=A
[274/389] PLFSL: Financial Institutions cat=Z
[275/389] POPULAR1MF: Mutual Funds cat=A
[276/389] POPULARLIF: Insurance cat=A
[277/389] POWERGRID: Fuel & Power cat=Z
[278/389] PRAGATIINS: Insurance cat=A
[279/389] PREMIERBAN: Bank cat=Z
[280/389] PREMIERCEM: Cement cat=A
[281/389] PREMIERLEA: Financial Institutions cat=Z
[282/389] PRIME1ICBA: Mutual Funds cat=A
[283/389] PRIMEBANK: Bank cat=A
[284/389] PRIMEFIN: Financial Institutions cat=Z
[285/389] PRIMEINSUR: Insurance cat=A
[286/389] PRIMELIFE: Insurance cat=B
[287/389] PRIMETEX: Textile cat=Z
[288/389] PROGRESLIF: Insurance cat=Z
[289/389] PROVATIINS: Insurance cat=A
[290/389] PTL: Textile cat=A
[291/389] PUBALIBANK: Bank cat=A
[292/389] PURABIGEN: Insurance cat=A
[293/389] QUASEMIND: Engineering cat=A
[294/389] QUEENSOUTH: Textile cat=B
[295/389] RAHIMAFOOD: Food & Allied cat=Z
[296/389] RAHIMTEXT: Textile cat=A
[297/389] RAKCERAMIC: Ceramics Sector cat=A
[298/389] RANFOUNDRY: Engineering cat=A
[299/389] RDFOOD: Food & Allied cat=B
[300/389] RECKITTBEN: Pharmaceuticals & Chemicals cat=A
[301/389] REGENTTEX: Textile cat=Z
[302/389] RELIANCE1: Mutual Funds cat=A
[303/389] RELIANCINS: Insurance cat=A
[304/389] RENATA: Pharmaceuticals & Chemicals cat=A
[305/389] RENWICKJA: Engineering cat=Z
[306/389] REPUBLIC: Insurance cat=A
[307/389] RINGSHINE: Textile cat=Z
[308/389] ROBI: Telecommunication cat=A
[309/389] RSRMSTEEL: Engineering cat=Z
[310/389] RUNNERAUTO: Engineering cat=A
[311/389] RUPALIBANK: Bank cat=Z
[312/389] RUPALIINS: Insurance cat=A
[313/389] RUPALILIFE: Insurance cat=A
[314/389] SAFKOSPINN: Textile cat=Z
[315/389] SAIFPOWER: Services & Real Estate cat=Z
[316/389] SAIHAMCOT: Textile cat=B
[317/389] SAIHAMTEX: Textile cat=B
[318/389] SALAMCRST: Engineering cat=Z
[319/389] SALVO: Pharmaceuticals & Chemicals cat=B
[320/389] SAMATALETH: Tannery Industries cat=B
[321/389] SAMORITA: Services & Real Estate cat=B
[322/389] SANDHANINS: Insurance cat=A
[323/389] SAPORTL: Services & Real Estate cat=A
[324/389] SBACBANK: Bank cat=Z
[325/389] SEAPEARL: Travel & Leisure cat=B
[326/389] SEMLFBSLGF: Mutual Funds cat=A
[327/389] SEMLIBBLSF: Mutual Funds cat=A
[328/389] SHAHJABANK: Bank cat=A
[329/389] SHARPIND: Textile cat=B
[330/389] SHASHADNIM: Textile cat=B
[331/389] SHEPHERD: Textile cat=B
[332/389] SHURWID: Engineering cat=Z
[333/389] SHYAMPSUG: Food & Allied cat=Z
[334/389] SICL: Insurance cat=B
[335/389] SILCOPHL: Pharmaceuticals & Chemicals cat=B
[336/389] SILVAPHL: Pharmaceuticals & Chemicals cat=B
[337/389] SIMTEX: Textile cat=A
[338/389] SINGERBD: Engineering cat=Z
[339/389] SINOBANGLA: Miscellaneous cat=A
[340/389] SIPLC: Insurance cat=A
[341/389] SKTRIMS: Miscellaneous cat=Z
[342/389] SONALIANSH: Jute cat=A
[343/389] SONALILIFE: Insurance cat=A
[344/389] SONALIPAPR: Paper & Printing cat=A
[345/389] SONARBAINS: Insurance cat=-
[346/389] SONARGAON: Textile cat=B
[347/389] SOUTHEASTB: Bank cat=A
[348/389] SPCERAMICS: Ceramics Sector cat=B
[349/389] SPCL: Fuel & Power cat=A
[350/389] SQUARETEXT: Textile cat=A
[351/389] SQURPHARMA: Pharmaceuticals & Chemicals cat=A
[352/389] SSSTEEL: Engineering cat=Z
[353/389] STANCERAM: Ceramics Sector cat=Z
[354/389] STANDARINS: Insurance cat=A
[355/389] STANDBANKL: Bank cat=Z
[356/389] STYLECRAFT: Textile cat=Z
[357/389] SUMITPOWER: Fuel & Power cat=A
[358/389] SUNLIFEINS: Insurance cat=B
[359/389] TAKAFULINS: Insurance cat=A
[360/389] TALLUSPIN: Textile cat=Z
[361/389] TAMIJTEX: Textile cat=A
[362/389] TB5Y0928: G-SEC (T.Bond) cat=None
[363/389] TECHNODRUG: Pharmaceuticals & Chemicals cat=A
[364/389] TILIL: Insurance cat=B
[365/389] TITASGAS: Fuel & Power cat=B
[366/389] TOSRIFA: Textile cat=B
[367/389] TRUSTB1MF: Mutual Funds cat=A
[368/389] TRUSTBANK: Bank cat=A
[369/389] TUNGHAI: Textile cat=Z
[370/389] UCB: Bank cat=Z
[371/389] UNILEVERCL: Food & Allied cat=A
[372/389] UNIONCAP: Financial Institutions cat=Z
[373/389] UNIONINS: Insurance cat=A
[374/389] UNIQUEHRL: Travel & Leisure cat=A
[375/389] UNITEDFIN: Financial Institutions cat=A
[376/389] UNITEDINS: Insurance cat=A
[377/389] UPGDCL: Fuel & Power cat=A
[378/389] USMANIAGL: Miscellaneous cat=Z
[379/389] UTTARABANK: Bank cat=A
[380/389] UTTARAFIN: Financial Institutions cat=Z
[381/389] VAMLRBBF: Mutual Funds cat=A
[382/389] VFSTDL: Textile cat=B
[383/389] WALTONHIL: Engineering cat=A
[384/389] WATACHEM: Pharmaceuticals & Chemicals cat=A
[385/389] WMSHIPYARD: Engineering cat=Z
[386/389] YPL: Engineering cat=Z
[387/389] ZAHEENSPIN: Textile cat=Z
[388/389] ZAHINTEX: Textile cat=Z
[389/389] ZEALBANGLA: Food & Allied cat=Z

Done. 389 profiles saved to /Users/qaium/p/w/StockMarket/data/profiles.json
